  Creating makefile for BTFPSEditor (game project files are newer)
  Parsing headers for BTFPSEditor
    Running UnrealHeaderTool "D:\OneDrive\OneDrive - Change Maker Education\Artificial Intelligence in Game Production\BTFPS\BTFPS.uproject" "D:\OneDrive\OneDrive - Change Maker Education\Artificial Intelligence in Game Production\BTFPS\Intermediate\Build\Win64\BTFPSEditor\Development\BTFPSEditor.uhtmanifest" -LogCmds="loginit warning, logexit warning, logdatabase error" -Unattended -WarningsAsErrors -installed
  Reflection code generated for BTFPSEditor in 17,214053 seconds
  Using Visual Studio 2017 14.16.27023 toolchain (C:\Program Files (x86)\Microsoft Visual Studio\2017\Community\VC\Tools\MSVC\14.16.27023) and Windows 10.0.16299.0 SDK (C:\Program Files (x86)\Windows Kits\10).
  Building 23 actions with 6 processes...
    [1/23] Default.rc2
    [2/23] SharedPCH.Engine.cpp
    [3/23] FPSCharacterMovementComponent.cpp
    [4/23] RecoilComponent.cpp
    [5/23] BTFPS.cpp
    [6/23] AIFPSCharacter.cpp
    [7/23] AISpawner.cpp
    [8/23] BTFPS.init.gen.cpp
    [9/23] FPSCharacter.cpp
    [10/23] AIFPSCharacter.gen.cpp
    [11/23] BTFPSGameModeBase.gen.cpp
    [12/23] FPSWeapon.cpp
    [13/23] FPSCharacter.gen.cpp
    [14/23] RecoilComponent.gen.cpp
    [15/23] FPSWeapon.gen.cpp
    [16/23] FPSCharacterMovementComponent.gen.cpp
    [17/23] FPSAIController.cpp
    [18/23] BTFPSGameModeBase.cpp
    [19/23] AISpawner.gen.cpp
    [20/23] FPSAIController.gen.cpp
    [21/23] UE4Editor-BTFPS.lib
       Creating library D:\OneDrive\OneDrive - Change Maker Education\Artificial Intelligence in Game Production\BTFPS\Intermediate\Build\Win64\UE4Editor\Development\BTFPS\UE4Editor-BTFPS.lib and object D:\OneDrive\OneDrive - Change Maker Education\Artificial Intelligence in Game Production\BTFPS\Intermediate\Build\Win64\UE4Editor\Development\BTFPS\UE4Editor-BTFPS.exp
    [22/23] UE4Editor-BTFPS.dll
       Creating library D:\OneDrive\OneDrive - Change Maker Education\Artificial Intelligence in Game Production\BTFPS\Intermediate\Build\Win64\UE4Editor\Development\BTFPS\UE4Editor-BTFPS.suppressed.lib and object D:\OneDrive\OneDrive - Change Maker Education\Artificial Intelligence in Game Production\BTFPS\Intermediate\Build\Win64\UE4Editor\Development\BTFPS\UE4Editor-BTFPS.suppressed.exp
    [23/23] BTFPSEditor.target
  Total time in Parallel executor: 26,01 seconds
  Total execution time: 47,64 seconds
